<?xml version="1.0" encoding="UTF-8"?>
<!-- Generated by org.testng.reporters.JUnitReportReporter -->
<testsuite hostname="NODE319" name="com.company.testclasses.GroupTest" tests="1" failures="0" timestamp="7 Nov 2014 11:02:18 GMT" time="14.579" errors="0">
  <testcase name="login" time="14.579" classname="com.company.testclasses.GroupTest"/>
</testsuite> <!-- com.company.testclasses.GroupTest -->
